[main] 2024-07-08 02:00:16.187 INFO  - Driver hazırlanıyor..
[main] 2024-07-08 02:00:22.649 INFO  - Anasayfa basarili sekilde acildi
[main] 2024-07-08 02:00:29.774 INFO  - iphone urunu basariyla arandi
[main] 2024-07-08 02:00:34.374 INFO  - Urun detay sayfasina gidildi
[main] 2024-07-08 02:00:39.835 INFO  - Urune yapilan ilk yorum begenildi
[main] 2024-07-08 02:00:39.835 INFO  - Tesekkur ederiz text'i goruldu.
[main] 2024-07-08 02:00:40.261 INFO  - Scenario finished : Hepsiburada Case
[main] 2024-07-08 02:02:31.458 INFO  - Driver hazırlanıyor..
[main] 2024-07-08 02:02:37.415 INFO  - Anasayfa basarili sekilde acildi
[main] 2024-07-08 02:02:42.743 INFO  - iphone urunu basariyla arandi
[main] 2024-07-08 02:02:47.102 INFO  - Urun detay sayfasina gidildi
[main] 2024-07-08 02:02:52.581 INFO  - Urune yapilan ilk yorum begenildi
[main] 2024-07-08 02:02:52.581 INFO  - Tesekkur ederiz text'i goruldu.
[main] 2024-07-08 02:02:52.960 INFO  - Scenario finished : Hepsiburada Case
[main] 2024-07-08 02:03:24.454 INFO  - Driver hazırlanıyor..
[main] 2024-07-08 02:03:30.362 INFO  - Anasayfa basarili sekilde acildi
[main] 2024-07-08 02:03:35.002 INFO  - iphone urunu basariyla arandi
[main] 2024-07-08 02:03:38.893 INFO  - Urun detay sayfasina gidildi
[main] 2024-07-08 02:03:44.345 INFO  - Urune yapilan ilk yorum begenildi
[main] 2024-07-08 02:03:44.345 INFO  - Tesekkur ederiz text'i goruldu.
[main] 2024-07-08 02:03:44.666 INFO  - Scenario finished : Hepsiburada Case
[main] 2024-07-08 02:06:52.106 INFO  - Driver hazırlanıyor..
[main] 2024-07-08 02:06:57.756 INFO  - Anasayfa basarili sekilde acildi
[main] 2024-07-08 02:07:03.362 INFO  - iphone urunu basariyla arandi
[main] 2024-07-08 02:07:07.729 INFO  - Urun detay sayfasina gidildi
[main] 2024-07-08 02:07:13.290 INFO  - Urune yapilan ilk yorum begenildi
[main] 2024-07-08 02:07:13.291 INFO  - Tesekkur ederiz text'i goruldu.
[main] 2024-07-08 02:07:13.666 INFO  - Scenario finished : Hepsiburada Case
[main] 2024-07-08 02:16:24.066 INFO  - Driver hazırlanıyor..
[main] 2024-07-08 02:16:29.909 INFO  - Anasayfa basarili sekilde acildi
[main] 2024-07-08 02:16:36.400 INFO  - iphone urunu basariyla arandi
[main] 2024-07-08 02:16:40.694 INFO  - Urun detay sayfasina gidildi
[main] 2024-07-08 02:16:46.186 INFO  - Urune yapilan ilk yorum begenildi
[main] 2024-07-08 02:16:46.186 INFO  - Tesekkur ederiz text'i goruldu.
[main] 2024-07-08 02:16:46.639 INFO  - Scenario finished : Hepsiburada Case
[main] 2024-07-08 02:24:11.972 INFO  - Anasayfa basarili sekilde acildi
[main] 2024-07-08 02:24:19.168 INFO  - iphone urunu basariyla arandi
[main] 2024-07-08 02:24:23.511 INFO  - Urun detay sayfasina gidildi
[main] 2024-07-08 02:24:28.958 INFO  - Urune yapilan ilk yorum begenildi
[main] 2024-07-08 02:24:28.958 INFO  - Tesekkur ederiz text'i goruldu.
